/home/b2dong/project/agora-cgm-gizmo/config/initial-condition
 ═══════════════════════╗
  Activating gizenv ... ║

┌────────────────┐
│ gizenv version │
└────────────────┘

commit dfe458ffaea3dbeecd9b27fbc9d72dc96442fad3
Author: qobilidop <qobilidop@gmail.com>
Date:   Sun Jan 13 13:00:09 2019 -0800

    Stop using subprocess for file operations

┌──────────────────────┐
│ gizenv configuration │
└──────────────────────┘

GIZENV_ROOT=/home/b2dong/gizenv
GIZENV_LOCAL=/home/b2dong/gizenv/local
GIZENV_SYS=tscc
GIZENV_PKG=ahf fftw2 grackle music

GIZENV_CC=icc
GIZENV_CXX=icpc
GIZENV_FC=ifort
GIZENV_LIBTOOL=libtool

GIZENV_MPICC=mpicc
GIZENV_MPICXX=mpicxx
GIZENV_MPIFC=mpifort

GIZENV_CFLAGS=-Ofast
GIZENV_LDFLAGS=-Wl,-rpath,/home/b2dong/gizenv/local/lib
GIZENV_OMPFLAGS=-openmp
GIZENV_MPIFLAGS=

GIZENV_FFTW2_INC=/home/b2dong/gizenv/local/include
GIZENV_FFTW2_LIB=/home/b2dong/gizenv/local/lib
GIZENV_FFTW3_INC=/opt/fftw/3.3.4/intel/openmpi_ib/include
GIZENV_FFTW3_LIB=/opt/fftw/3.3.4/intel/openmpi_ib/lib
GIZENV_GRACKLE_LIBS=-lm -lifcore -lifport
GIZENV_GSL_INC=/opt/gsl/intel/include
GIZENV_GSL_LIB=/opt/gsl/intel/lib
GIZENV_HDF5_DIR=/opt/hdf5/intel/openmpi_ib
GIZENV_HDF5_INC=/opt/hdf5/intel/openmpi_ib/include
GIZENV_HDF5_LIB=/opt/hdf5/intel/openmpi_ib/lib

║ gizenv is activated!  
╚══════════════════════ 

Sun Jan 13 19:18:55 PST 2019

    __    __     __  __     ______     __     ______      
   /\ "-./  \   /\ \/\ \   /\  ___\   /\ \   /\  ___\  
   \ \ \-./\ \  \ \ \_\ \  \ \___  \  \ \ \  \ \ \____ 
    \ \_\ \ \_\  \ \_____\  \/\_____\  \ \_\  \ \_____\ 
     \/_/  \/_/   \/_____/   \/_____/   \/_/   \/_____/ 

                            this is music! version 1.53


 - Opening log file '1e12q-lv12.conf_log.txt'.
 - Using k-space sampled transfer functions...
 - Selecting transfer function plug-in 'eisenstein'...
 - starting at a=0.00990099
 - Selecting region generator plug-in 'ellipsoid'...
 - Region center for ellipsoid determined at
	 xc = ( 0.527531 0.522087 0.449525 )
 - Ellipsoid matrix determined as
	      ( 822.070007 -86.839996 -661.590027 )
	  A = ( -86.839996 673.359985 243.169998 )
	      ( -661.590027 243.169998 1295.949951 )
 - Selecting random number generator plug-in 'MUSIC'...
 - WARNING: The selected transfer function does not support
            distinct amplitudes for baryon and DM fields!
            Perturbation amplitudes will be identical!
 - refinement region is 'ellipsoid', w/ bounding box
        left = [0.481332,0.481417,0.411566]
       right = [0.573730,0.562757,0.487484]
-------------------------------------------------------------
 - Domain will be shifted by (-3, -2, 6)

 - Grid structure:
     Level   7 :   offset = (    0,     0,     0)
                     size = (  128,   128,   128)
     Level   8 :   offset = (   43,    44,    43)
                     size = (   86,    84,    82)
     Level   9 :   offset = (   17,    17,    17)
                     size = (  104,   100,    96)
     Level  10 :   offset = (   16,    16,    16)
                     size = (  144,   134,   128)
     Level  11 :   offset = (   16,    16,    17)
                     size = (  224,   202,   188)
     Level  12 :   offset = (   17,    17,    16)
                     size = (  380,   336,   312)
-------------------------------------------------------------
 - Finest level :
                   extent =  5566.41 x 4921.88 x 4570.31 h-3 kpc**3
                 mtotgrid =  9.45179e+12 h-1 M_o
            particle mass =  197577 h-1 M_o
         baryon mass/cell =  39689.8 h-1 M_o
                       dx =  14.6484 h-1 kpc
-------------------------------------------------------------
 - Will use levelmin = 9 to compute density field...
 - Selecting output plug-in 'gadget2'...
=============================================================
   GENERATING WHITE NOISE
-------------------------------------------------------------
 - Found 0 density constraint(s) to be obeyed.
 - Generating random numbers (2) with seed 95064
 - Generating random numbers w/ sample cube size of 256
 - Generating random numbers w/ sample cube size of 256
 - Generating a constrained random number set with seed 31415
    using coarse mode replacement...
 - Generating random numbers w/ sample cube size of 256
 - Generating a constrained random number set with seed 27183
    using coarse mode replacement...
 - Generating random numbers w/ sample cube size of 256
 - Generating a constrained random number set with seed -27018710
    using coarse mode replacement...
 - Generating random numbers w/ sample cube size of 256
 - Generating a constrained random number set with seed -85591679
    using coarse mode replacement...
=============================================================
   COMPUTING DARK MATTER DISPLACEMENTS
-------------------------------------------------------------
 - Using k-space transfer function kernel.
 - Performing noise convolution on level   9
   - Performing density convolution... (512, 512, 512)
 - Performing noise convolution on level  10...
   - Performing density convolution... (304, 304, 304)
 - Performing noise convolution on level  11...
   - Performing density convolution... (464, 464, 464)
 - Performing noise convolution on level  12...
   - Performing density convolution... (776, 776, 776)
 - Density calculation took 33.0709s with 16 threads.
 - Top grid mean density is off by 5.84393e-08, correcting...
-------------------------------------------------------------
 - Invoking multi-grid Poisson solver...
 - Converged in 3 steps to 6.16371e-05
 - Poisson solver took 6.66903s with 16 threads.
   - Performing hybrid Poisson step... (760, 760, 760)
 - max. x-displacement of HR particles is -5.825304 [mean dx]
 - max. y-displacement of HR particles is 7.158048 [mean dx]
 - max. z-displacement of HR particles is 7.744726 [mean dx]
=============================================================
   COMPUTING BARYON DENSITY
-------------------------------------------------------------
 - Using k-space transfer function kernel.
 - Performing noise convolution on level   9
   - Performing density convolution... (512, 512, 512)
 - Performing noise convolution on level  10...
   - Performing density convolution... (304, 304, 304)
 - Performing noise convolution on level  11...
   - Performing density convolution... (464, 464, 464)
 - Performing noise convolution on level  12...
   - Performing density convolution... (776, 776, 776)
 - Density calculation took 36.4127s with 16 threads.
 - Top grid mean density is off by 7.35784e-08, correcting...
-------------------------------------------------------------
 - Invoking multi-grid Poisson solver...
 - Converged in 3 steps to 9.92878e-05
 - Poisson solver took 8.61523s with 16 threads.
   - Performing hybrid Poisson step... (760, 760, 760)
 - Computing separate velocities for CDM and baryons:
=============================================================
   COMPUTING DARK MATTER VELOCITIES
-------------------------------------------------------------
 - Using k-space transfer function kernel.
 - Performing noise convolution on level   9
   - Performing density convolution... (512, 512, 512)
 - Performing noise convolution on level  10...
   - Performing density convolution... (304, 304, 304)
 - Performing noise convolution on level  11...
   - Performing density convolution... (464, 464, 464)
 - Performing noise convolution on level  12...
   - Performing density convolution... (776, 776, 776)
 - Density calculation took 32.4322s with 16 threads.
 - Top grid mean density is off by 5.84393e-08, correcting...
-------------------------------------------------------------
 - Invoking multi-grid Poisson solver...
 - Converged in 3 steps to 5.6198e-05
 - Poisson solver took 8.75894s with 16 threads.
   - Performing hybrid Poisson step... (760, 760, 760)
 - sigma of x-velocity of high-res DM is 0.173244
 - sigma of y-velocity of high-res DM is 0.130301
 - sigma of z-velocity of high-res DM is 0.222633
=============================================================
   COMPUTING BARYON VELOCITIES
-------------------------------------------------------------
 - Using k-space transfer function kernel.
 - Performing noise convolution on level   9
   - Performing density convolution... (512, 512, 512)
 - Performing noise convolution on level  10...
   - Performing density convolution... (304, 304, 304)
 - Performing noise convolution on level  11...
   - Performing density convolution... (464, 464, 464)
 - Performing noise convolution on level  12...
   - Performing density convolution... (776, 776, 776)
 - Density calculation took 79.9955s with 16 threads.
 - Top grid mean density is off by 7.35784e-08, correcting...
-------------------------------------------------------------
 - Invoking multi-grid Poisson solver...
 - Converged in 3 steps to 5.80558e-05
 - Poisson solver took 8.35413s with 16 threads.
   - Performing hybrid Poisson step... (760, 760, 760)
 - sigma of x-velocity of high-res baryons is 0.173190
 - sigma of y-velocity of high-res baryons is 0.130421
 - sigma of z-velocity of high-res baryons is 0.222671
 - Gadget2 : writing 34428288 particles to file...
 -       type   0 :     14843736 [m=3.96898e-06]
 -       type   1 :     14843736 [m=1.97577e-05]
 -       type   2 :      4740816 [m=0]
 - Gadget2 : set initial gas temperature to 140.40 K/mu
=============================================================
 - Wrote output file '1e12q-lv12.dat'
     using plugin 'gadget2'...
 - Done!

Sun Jan 13 19:25:44 PST 2019
Nodes:        tscc-4-30
